C:\TRUNK2012\CLIENT\QTITANRIBBON\SRC\SHARED\RIBBON\RELEASE\QTNRIBBONPRIVATE.OBJ
C:\TRUNK2012\CLIENT\QTITANRIBBON\SRC\SHARED\RIBBON\RELEASE\QTNRIBBONPAINTMANAGER.OBJ
C:\TRUNK2012\CLIENT\QTITANRIBBON\SRC\SHARED\RIBBON\RELEASE\QTNRIBBONPAGE.OBJ
C:\TRUNK2012\CLIENT\QTITANRIBBON\SRC\SHARED\RIBBON\RELEASE\QTNRIBBONMAINWINDOW.OBJ
C:\TRUNK2012\CLIENT\QTITANRIBBON\SRC\SHARED\RIBBON\RELEASE\QTNRIBBONGROUPLAYOUT.OBJ
C:\TRUNK2012\CLIENT\QTITANRIBBON\SRC\SHARED\RIBBON\RELEASE\QTNRIBBONGROUP.OBJ
C:\TRUNK2012\CLIENT\QTITANRIBBON\SRC\SHARED\RIBBON\RELEASE\QTNRIBBONGALLERY.OBJ
C:\TRUNK2012\CLIENT\QTITANRIBBON\SRC\SHARED\RIBBON\RELEASE\QTNRIBBONBUTTON.OBJ
C:\TRUNK2012\CLIENT\QTITANRIBBON\SRC\SHARED\RIBBON\RELEASE\QTNRIBBONBAR.OBJ
C:\TRUNK2012\CLIENT\QTITANRIBBON\SRC\SHARED\RIBBON\RELEASE\QTNRIBBONBACKSTAGEVIEW.OBJ
C:\TRUNK2012\CLIENT\QTITANRIBBON\SRC\SHARED\RIBBON\RELEASE\QTNPOPUPHELPERS.OBJ
C:\TRUNK2012\CLIENT\QTITANRIBBON\SRC\SHARED\RIBBON\RELEASE\QTNOFFICESTYLE.OBJ
C:\TRUNK2012\CLIENT\QTITANRIBBON\SRC\SHARED\RIBBON\RELEASE\QTNOFFICEPOPUPWINDOW.OBJ
C:\TRUNK2012\CLIENT\QTITANRIBBON\SRC\SHARED\RIBBON\RELEASE\QTNOFFICEPOPUPMENU.OBJ
C:\TRUNK2012\CLIENT\QTITANRIBBON\SRC\SHARED\RIBBON\RELEASE\QTNOFFICEPOPUPCOLORBUTTON.OBJ
C:\TRUNK2012\CLIENT\QTITANRIBBON\SRC\SHARED\RIBBON\RELEASE\QTNOFFICEPAINTMANAGER.OBJ
C:\TRUNK2012\CLIENT\QTITANRIBBON\SRC\SHARED\RIBBON\RELEASE\QTNOFFICEFRAMEHELPER_WIN.OBJ
C:\TRUNK2012\CLIENT\QTITANRIBBON\SRC\SHARED\RIBBON\RELEASE\QTNCOMMONSTYLE_WIN.OBJ
C:\TRUNK2012\CLIENT\QTITANRIBBON\SRC\SHARED\RIBBON\RELEASE\QTNCOMMONSTYLE.OBJ
C:\TRUNK2012\CLIENT\QTITANRIBBON\SRC\SHARED\RIBBON\RELEASE\QTNCOMMONPAINTMANAGER.OBJ
C:\TRUNK2012\CLIENT\QTITANRIBBON\SRC\SHARED\RIBBON\RELEASE\MOC_QTNRIBBONBARPRIVATE.OBJ
C:\TRUNK2012\CLIENT\QTITANRIBBON\SRC\SHARED\RIBBON\RELEASE\MOC_QTNRIBBONBAR.OBJ
C:\TRUNK2012\CLIENT\QTITANRIBBON\SRC\SHARED\RIBBON\RELEASE\MOC_QTNRIBBONBACKSTAGEVIEWPRIVATE.OBJ
C:\TRUNK2012\CLIENT\QTITANRIBBON\SRC\SHARED\RIBBON\RELEASE\MOC_QTNRIBBONBACKSTAGEVIEW.OBJ
C:\TRUNK2012\CLIENT\QTITANRIBBON\SRC\SHARED\RIBBON\RELEASE\MOC_QTNPOPUPHELPERS.OBJ
C:\TRUNK2012\CLIENT\QTITANRIBBON\SRC\SHARED\RIBBON\RELEASE\MOC_QTNOFFICESTYLEPRIVATE.OBJ
C:\TRUNK2012\CLIENT\QTITANRIBBON\SRC\SHARED\RIBBON\RELEASE\MOC_QTNOFFICESTYLE.OBJ
C:\TRUNK2012\CLIENT\QTITANRIBBON\SRC\SHARED\RIBBON\RELEASE\MOC_QTNOFFICEPOPUPWINDOW.OBJ
C:\TRUNK2012\CLIENT\QTITANRIBBON\SRC\SHARED\RIBBON\RELEASE\MOC_QTNOFFICEPOPUPMENU.OBJ
C:\TRUNK2012\CLIENT\QTITANRIBBON\SRC\SHARED\RIBBON\RELEASE\MOC_QTNOFFICEPOPUPCOLORBUTTON.OBJ
C:\TRUNK2012\CLIENT\QTITANRIBBON\SRC\SHARED\RIBBON\RELEASE\MOC_QTNOFFICEFRAMEHELPER_WIN.OBJ
C:\TRUNK2012\CLIENT\QTITANRIBBON\SRC\SHARED\RIBBON\RELEASE\MOC_QTNCOMMONSTYLE.OBJ
C:\TRUNK2012\CLIENT\QTITANRIBBON\SRC\SHARED\RIBBON\RELEASE\QTNSTYLEHELPERS.OBJ
C:\TRUNK2012\CLIENT\QTITANRIBBON\SRC\SHARED\RIBBON\RELEASE\QTNRIBBONTOOLTIP.OBJ
C:\TRUNK2012\CLIENT\QTITANRIBBON\SRC\SHARED\RIBBON\RELEASE\QTNRIBBONTABBAR.OBJ
C:\TRUNK2012\CLIENT\QTITANRIBBON\SRC\SHARED\RIBBON\RELEASE\QTNRIBBONSYSTEMPOPUPBAR.OBJ
C:\TRUNK2012\CLIENT\QTITANRIBBON\SRC\SHARED\RIBBON\RELEASE\QTNRIBBONSTYLE.OBJ
C:\TRUNK2012\CLIENT\QTITANRIBBON\SRC\SHARED\RIBBON\RELEASE\QTNRIBBONSTATUSBAR.OBJ
C:\TRUNK2012\CLIENT\QTITANRIBBON\SRC\SHARED\RIBBON\RELEASE\QTNRIBBONSLIDERPANE.OBJ
C:\TRUNK2012\CLIENT\QTITANRIBBON\SRC\SHARED\RIBBON\RELEASE\QTNRIBBONQUICKACCESSBAR.OBJ
C:\TRUNK2012\CLIENT\QTITANRIBBON\SRC\SHARED\RIBBON\RELEASE\QRC_QTNRIBBONRESOURCES.OBJ
C:\TRUNK2012\CLIENT\QTITANRIBBON\SRC\SHARED\RIBBON\RELEASE\MOC_QTNRIBBONTOOLTIP.OBJ
C:\TRUNK2012\CLIENT\QTITANRIBBON\SRC\SHARED\RIBBON\RELEASE\MOC_QTNRIBBONTABBAR.OBJ
C:\TRUNK2012\CLIENT\QTITANRIBBON\SRC\SHARED\RIBBON\RELEASE\MOC_QTNRIBBONSYSTEMPOPUPBAR.OBJ
C:\TRUNK2012\CLIENT\QTITANRIBBON\SRC\SHARED\RIBBON\RELEASE\MOC_QTNRIBBONSTYLEPRIVATE.OBJ
C:\TRUNK2012\CLIENT\QTITANRIBBON\SRC\SHARED\RIBBON\RELEASE\MOC_QTNRIBBONSTYLE.OBJ
C:\TRUNK2012\CLIENT\QTITANRIBBON\SRC\SHARED\RIBBON\RELEASE\MOC_QTNRIBBONSTATUSBAR.OBJ
C:\TRUNK2012\CLIENT\QTITANRIBBON\SRC\SHARED\RIBBON\RELEASE\MOC_QTNRIBBONSLIDERPANE.OBJ
C:\TRUNK2012\CLIENT\QTITANRIBBON\SRC\SHARED\RIBBON\RELEASE\MOC_QTNRIBBONQUICKACCESSBAR.OBJ
C:\TRUNK2012\CLIENT\QTITANRIBBON\SRC\SHARED\RIBBON\RELEASE\MOC_QTNRIBBONPRIVATE.OBJ
C:\TRUNK2012\CLIENT\QTITANRIBBON\SRC\SHARED\RIBBON\RELEASE\MOC_QTNRIBBONPAGE.OBJ
C:\TRUNK2012\CLIENT\QTITANRIBBON\SRC\SHARED\RIBBON\RELEASE\MOC_QTNRIBBONMAINWINDOW.OBJ
C:\TRUNK2012\CLIENT\QTITANRIBBON\SRC\SHARED\RIBBON\RELEASE\MOC_QTNRIBBONGROUPPRIVATE.OBJ
C:\TRUNK2012\CLIENT\QTITANRIBBON\SRC\SHARED\RIBBON\RELEASE\MOC_QTNRIBBONGROUPLAYOUT.OBJ
C:\TRUNK2012\CLIENT\QTITANRIBBON\SRC\SHARED\RIBBON\RELEASE\MOC_QTNRIBBONGROUP.OBJ
C:\TRUNK2012\CLIENT\QTITANRIBBON\SRC\SHARED\RIBBON\RELEASE\MOC_QTNRIBBONGALLERYPRIVATE.OBJ
C:\TRUNK2012\CLIENT\QTITANRIBBON\SRC\SHARED\RIBBON\RELEASE\MOC_QTNRIBBONGALLERY.OBJ
C:\TRUNK2012\CLIENT\QTITANRIBBON\SRC\SHARED\RIBBON\RELEASE\MOC_QTNRIBBONBUTTON.OBJ
C:\TRUNK2012\CLIENT\QTITANRIBBON\SRC\SHARED\RIBBON\VC110.PDB
C:\TRUNK2012\CLIENT\QTITANRIBBON\SRC\SHARED\RIBBON\RELEASE\MOC_QTNCOMMONSTYLE.CPP
C:\TRUNK2012\CLIENT\QTITANRIBBON\SRC\SHARED\RIBBON\RELEASE\MOC_QTNOFFICEFRAMEHELPER_WIN.CPP
C:\TRUNK2012\CLIENT\QTITANRIBBON\SRC\SHARED\RIBBON\RELEASE\MOC_QTNOFFICEPOPUPCOLORBUTTON.CPP
C:\TRUNK2012\CLIENT\QTITANRIBBON\SRC\SHARED\RIBBON\RELEASE\MOC_QTNOFFICEPOPUPMENU.CPP
C:\TRUNK2012\CLIENT\QTITANRIBBON\SRC\SHARED\RIBBON\RELEASE\MOC_QTNOFFICEPOPUPWINDOW.CPP
C:\TRUNK2012\CLIENT\QTITANRIBBON\SRC\SHARED\RIBBON\RELEASE\MOC_QTNOFFICESTYLE.CPP
C:\TRUNK2012\CLIENT\QTITANRIBBON\SRC\SHARED\RIBBON\RELEASE\MOC_QTNOFFICESTYLEPRIVATE.CPP
C:\TRUNK2012\CLIENT\QTITANRIBBON\SRC\SHARED\RIBBON\RELEASE\MOC_QTNPOPUPHELPERS.CPP
C:\TRUNK2012\CLIENT\QTITANRIBBON\SRC\SHARED\RIBBON\RELEASE\MOC_QTNRIBBONBACKSTAGEVIEW.CPP
C:\TRUNK2012\CLIENT\QTITANRIBBON\SRC\SHARED\RIBBON\RELEASE\MOC_QTNRIBBONBACKSTAGEVIEWPRIVATE.CPP
C:\TRUNK2012\CLIENT\QTITANRIBBON\SRC\SHARED\RIBBON\RELEASE\MOC_QTNRIBBONBAR.CPP
C:\TRUNK2012\CLIENT\QTITANRIBBON\SRC\SHARED\RIBBON\RELEASE\MOC_QTNRIBBONBARPRIVATE.CPP
C:\TRUNK2012\CLIENT\QTITANRIBBON\SRC\SHARED\RIBBON\RELEASE\MOC_QTNRIBBONBUTTON.CPP
C:\TRUNK2012\CLIENT\QTITANRIBBON\SRC\SHARED\RIBBON\RELEASE\MOC_QTNRIBBONGALLERY.CPP
C:\TRUNK2012\CLIENT\QTITANRIBBON\SRC\SHARED\RIBBON\RELEASE\MOC_QTNRIBBONGALLERYPRIVATE.CPP
C:\TRUNK2012\CLIENT\QTITANRIBBON\SRC\SHARED\RIBBON\RELEASE\MOC_QTNRIBBONGROUP.CPP
C:\TRUNK2012\CLIENT\QTITANRIBBON\SRC\SHARED\RIBBON\RELEASE\MOC_QTNRIBBONGROUPLAYOUT.CPP
C:\TRUNK2012\CLIENT\QTITANRIBBON\SRC\SHARED\RIBBON\RELEASE\MOC_QTNRIBBONGROUPPRIVATE.CPP
C:\TRUNK2012\CLIENT\QTITANRIBBON\SRC\SHARED\RIBBON\RELEASE\MOC_QTNRIBBONMAINWINDOW.CPP
C:\TRUNK2012\CLIENT\QTITANRIBBON\SRC\SHARED\RIBBON\RELEASE\MOC_QTNRIBBONPAGE.CPP
C:\TRUNK2012\CLIENT\QTITANRIBBON\SRC\SHARED\RIBBON\RELEASE\MOC_QTNRIBBONPRIVATE.CPP
C:\TRUNK2012\CLIENT\QTITANRIBBON\SRC\SHARED\RIBBON\RELEASE\MOC_QTNRIBBONQUICKACCESSBAR.CPP
C:\TRUNK2012\CLIENT\QTITANRIBBON\SRC\SHARED\RIBBON\RELEASE\MOC_QTNRIBBONSLIDERPANE.CPP
C:\TRUNK2012\CLIENT\QTITANRIBBON\SRC\SHARED\RIBBON\RELEASE\MOC_QTNRIBBONSTATUSBAR.CPP
C:\TRUNK2012\CLIENT\QTITANRIBBON\SRC\SHARED\RIBBON\RELEASE\MOC_QTNRIBBONSTYLE.CPP
C:\TRUNK2012\CLIENT\QTITANRIBBON\SRC\SHARED\RIBBON\RELEASE\MOC_QTNRIBBONSTYLEPRIVATE.CPP
C:\TRUNK2012\CLIENT\QTITANRIBBON\SRC\SHARED\RIBBON\RELEASE\MOC_QTNRIBBONSYSTEMPOPUPBAR.CPP
C:\TRUNK2012\CLIENT\QTITANRIBBON\SRC\SHARED\RIBBON\RELEASE\MOC_QTNRIBBONTABBAR.CPP
C:\TRUNK2012\CLIENT\QTITANRIBBON\SRC\SHARED\RIBBON\RELEASE\MOC_QTNRIBBONTOOLTIP.CPP
C:\TRUNK2012\CLIENT\QTITANRIBBON\SRC\SHARED\RIBBON\RELEASE\QRC_QTNRIBBONRESOURCES.CPP
C:\TRUNK2012\CLIENT\QTITANRIBBON\ROBLOX_BUILD\QTNRIBBON3.DLL
C:\TRUNK2012\CLIENT\QTITANRIBBON\ROBLOX_BUILD\QTNRIBBON.PDB
C:\Trunk2012\Client\QTitanRibbon\src\shared\ribbon\release\moc_QtnCommonStyle.obj
C:\Trunk2012\Client\QTitanRibbon\src\shared\ribbon\release\moc_QtnOfficeFrameHelper_win.obj
C:\Trunk2012\Client\QTitanRibbon\src\shared\ribbon\release\moc_QtnOfficePopupColorButton.obj
C:\Trunk2012\Client\QTitanRibbon\src\shared\ribbon\release\moc_QtnOfficePopupMenu.obj
C:\Trunk2012\Client\QTitanRibbon\src\shared\ribbon\release\moc_QtnOfficePopupWindow.obj
C:\Trunk2012\Client\QTitanRibbon\src\shared\ribbon\release\moc_QtnOfficeStyle.obj
C:\Trunk2012\Client\QTitanRibbon\src\shared\ribbon\release\moc_QtnOfficeStylePrivate.obj
C:\Trunk2012\Client\QTitanRibbon\src\shared\ribbon\release\moc_QtnPopupHelpers.obj
C:\Trunk2012\Client\QTitanRibbon\src\shared\ribbon\release\moc_QtnRibbonBackstageView.obj
C:\Trunk2012\Client\QTitanRibbon\src\shared\ribbon\release\moc_QtnRibbonBackstageViewPrivate.obj
C:\Trunk2012\Client\QTitanRibbon\src\shared\ribbon\release\moc_QtnRibbonBar.obj
C:\Trunk2012\Client\QTitanRibbon\src\shared\ribbon\release\moc_QtnRibbonBarPrivate.obj
C:\Trunk2012\Client\QTitanRibbon\src\shared\ribbon\release\moc_QtnRibbonButton.obj
C:\Trunk2012\Client\QTitanRibbon\src\shared\ribbon\release\moc_QtnRibbonGallery.obj
C:\Trunk2012\Client\QTitanRibbon\src\shared\ribbon\release\moc_QtnRibbonGalleryPrivate.obj
C:\Trunk2012\Client\QTitanRibbon\src\shared\ribbon\release\moc_QtnRibbonGroup.obj
C:\Trunk2012\Client\QTitanRibbon\src\shared\ribbon\release\moc_QtnRibbonGroupLayout.obj
C:\Trunk2012\Client\QTitanRibbon\src\shared\ribbon\release\moc_QtnRibbonGroupPrivate.obj
C:\Trunk2012\Client\QTitanRibbon\src\shared\ribbon\release\moc_QtnRibbonMainWindow.obj
C:\Trunk2012\Client\QTitanRibbon\src\shared\ribbon\release\moc_QtnRibbonPage.obj
C:\Trunk2012\Client\QTitanRibbon\src\shared\ribbon\release\moc_QtnRibbonPrivate.obj
C:\Trunk2012\Client\QTitanRibbon\src\shared\ribbon\release\moc_QtnRibbonQuickAccessBar.obj
C:\Trunk2012\Client\QTitanRibbon\src\shared\ribbon\release\moc_QtnRibbonSliderPane.obj
C:\Trunk2012\Client\QTitanRibbon\src\shared\ribbon\release\moc_QtnRibbonStatusBar.obj
C:\Trunk2012\Client\QTitanRibbon\src\shared\ribbon\release\moc_QtnRibbonStyle.obj
C:\Trunk2012\Client\QTitanRibbon\src\shared\ribbon\release\moc_QtnRibbonStylePrivate.obj
C:\Trunk2012\Client\QTitanRibbon\src\shared\ribbon\release\moc_QtnRibbonSystemPopupBar.obj
C:\Trunk2012\Client\QTitanRibbon\src\shared\ribbon\release\moc_QtnRibbonTabBar.obj
C:\Trunk2012\Client\QTitanRibbon\src\shared\ribbon\release\moc_QtnRibbonToolTip.obj
C:\Trunk2012\Client\QTitanRibbon\src\shared\ribbon\release\qrc_QtnRibbonResources.obj
C:\Trunk2012\Client\QTitanRibbon\src\shared\ribbon\release\QtnCommonPaintManager.obj
C:\Trunk2012\Client\QTitanRibbon\src\shared\ribbon\release\QtnCommonStyle.obj
C:\Trunk2012\Client\QTitanRibbon\src\shared\ribbon\release\QtnCommonStyle_win.obj
C:\Trunk2012\Client\QTitanRibbon\src\shared\ribbon\release\QtnOfficeFrameHelper_win.obj
C:\Trunk2012\Client\QTitanRibbon\src\shared\ribbon\release\QtnOfficePaintManager.obj
C:\Trunk2012\Client\QTitanRibbon\src\shared\ribbon\release\QtnOfficePopupColorButton.obj
C:\Trunk2012\Client\QTitanRibbon\src\shared\ribbon\release\QtnOfficePopupMenu.obj
C:\Trunk2012\Client\QTitanRibbon\src\shared\ribbon\release\QtnOfficePopupWindow.obj
C:\Trunk2012\Client\QTitanRibbon\src\shared\ribbon\release\QtnOfficeStyle.obj
C:\Trunk2012\Client\QTitanRibbon\src\shared\ribbon\release\QtnPopupHelpers.obj
C:\Trunk2012\Client\QTitanRibbon\src\shared\ribbon\release\QtnRibbonBackstageView.obj
C:\Trunk2012\Client\QTitanRibbon\src\shared\ribbon\release\QtnRibbonBar.obj
C:\Trunk2012\Client\QTitanRibbon\src\shared\ribbon\release\QtnRibbonButton.obj
C:\Trunk2012\Client\QTitanRibbon\src\shared\ribbon\release\QtnRibbonGallery.obj
C:\Trunk2012\Client\QTitanRibbon\src\shared\ribbon\release\QtnRibbonGroup.obj
C:\Trunk2012\Client\QTitanRibbon\src\shared\ribbon\release\QtnRibbonGroupLayout.obj
C:\Trunk2012\Client\QTitanRibbon\src\shared\ribbon\release\QtnRibbonMainWindow.obj
C:\Trunk2012\Client\QTitanRibbon\src\shared\ribbon\release\QtnRibbonPage.obj
C:\Trunk2012\Client\QTitanRibbon\src\shared\ribbon\release\QtnRibbonPaintManager.obj
C:\Trunk2012\Client\QTitanRibbon\src\shared\ribbon\release\QtnRibbonPrivate.obj
C:\Trunk2012\Client\QTitanRibbon\src\shared\ribbon\release\QtnRibbonQuickAccessBar.obj
C:\Trunk2012\Client\QTitanRibbon\src\shared\ribbon\release\QtnRibbonSliderPane.obj
C:\Trunk2012\Client\QTitanRibbon\src\shared\ribbon\release\QtnRibbonStatusBar.obj
C:\Trunk2012\Client\QTitanRibbon\src\shared\ribbon\release\QtnRibbonStyle.obj
C:\Trunk2012\Client\QTitanRibbon\src\shared\ribbon\release\QtnRibbonSystemPopupBar.obj
C:\Trunk2012\Client\QTitanRibbon\src\shared\ribbon\release\QtnRibbonTabBar.obj
C:\Trunk2012\Client\QTitanRibbon\src\shared\ribbon\release\QtnRibbonToolTip.obj
C:\Trunk2012\Client\QTitanRibbon\src\shared\ribbon\release\QtnStyleHelpers.obj
C:\Trunk2012\Client\QTitanRibbon\src\shared\ribbon\release\cl.command.1.tlog
C:\Trunk2012\Client\QTitanRibbon\src\shared\ribbon\release\CL.read.1.tlog
C:\Trunk2012\Client\QTitanRibbon\src\shared\ribbon\release\CL.write.1.tlog
C:\Trunk2012\Client\QTitanRibbon\src\shared\ribbon\release\custombuild.command.1.tlog
C:\Trunk2012\Client\QTitanRibbon\src\shared\ribbon\release\custombuild.read.1.tlog
C:\Trunk2012\Client\QTitanRibbon\src\shared\ribbon\release\custombuild.write.1.tlog
C:\Trunk2012\Client\QTitanRibbon\src\shared\ribbon\release\link-cvtres.read.1.tlog
C:\Trunk2012\Client\QTitanRibbon\src\shared\ribbon\release\link-cvtres.write.1.tlog
C:\Trunk2012\Client\QTitanRibbon\src\shared\ribbon\release\link-rc.read.1.tlog
C:\Trunk2012\Client\QTitanRibbon\src\shared\ribbon\release\link-rc.write.1.tlog
C:\Trunk2012\Client\QTitanRibbon\src\shared\ribbon\release\link.command.1.tlog
C:\Trunk2012\Client\QTitanRibbon\src\shared\ribbon\release\link.read.1.tlog
C:\Trunk2012\Client\QTitanRibbon\src\shared\ribbon\release\link.write.1.tlog
